<?xml version="1.0" encoding="UTF-8"?>
<!-- Generated by org.testng.reporters.JUnitReportReporter -->
<testsuite name="com.test.acceptancetest.RunTestChrome" tests="2" time="249.842" ignored="0" failures="0" timestamp="02 Mar 2020 07:22:39 GMT" skipped="0" hostname="SMEDC-LAP022" errors="0">
  <testcase name="runScenario" time="95.236" classname="com.test.acceptancetest.RunTestChrome"/>
  <testcase name="runScenario" time="154.606" classname="com.test.acceptancetest.RunTestChrome"/>
</testsuite> <!-- com.test.acceptancetest.RunTestChrome -->
