<?xml version="1.0" encoding="UTF-8"?>
<!-- Generated by org.testng.reporters.JUnitReportReporter -->
<testsuite skipped="0" hostname="SMEDC-LAP022" name="com.test.acceptancetest.RunTestChrome" tests="1" failures="0" timestamp="06 May 2020 11:08:55 GMT" time="118.362" errors="0">
  <testcase name="runScenario" time="118.362" classname="com.test.acceptancetest.RunTestChrome"/>
</testsuite> <!-- com.test.acceptancetest.RunTestChrome -->
